<!DOCTYPE html PUBLIC "-//W3C//DTD XHTML 1.1//EN" "https://www.w3.org/TR/xhtml11/DTD/xhtml11.dtd">
<html xmlns="https://www.w3.org/1999/xhtml">
<head>
<meta http-equiv="content-type" content="text/html; charset=UTF-8"/>
<title>TestNG Report</title>
<style type="text/css">table {margin-bottom:10px;border-collapse:collapse;empty-cells:show}th,td {border:1px solid #009;padding:.25em .5em}th {vertical-align:bottom}td {vertical-align:top}table a {font-weight:bold}.stripe td {background-color: #E6EBF9}.num {text-align:right}.passedodd td {background-color: #3F3}.passedeven td {background-color: #0A0}.skippedodd td {background-color: #DDD}.skippedeven td {background-color: #CCC}.failedodd td,.attn {background-color: #F33}.failedeven td,.stripe .attn {background-color: #D00}.stacktrace {white-space:pre;font-family:monospace}.totop {font-size:85%;text-align:center;border-bottom:2px solid #000}.invisible {display:none}</style>
</head>
<body>
<table>
<tr><th>Test</th><th># Passed</th><th># Skipped</th><th># Retried</th><th># Failed</th><th>Time (ms)</th><th>Included Groups</th><th>Excluded Groups</th></tr>
<tr><th colspan="8">Suite</th></tr>
<tr><td><a href="#t0">Test</a></td><td class="num">11</td><td class="num">0</td><td class="num attn">3</td><td class="num">0</td><td class="num">21,328</td><td></td><td></td></tr>
</table>
<table id='summary'><thead><tr><th>Class</th><th>Method</th><th>Start</th><th>Time (ms)</th></tr></thead><tbody><tr><th colspan="4">Suite</th></tr></tbody><tbody id="t0"><tr><th colspan="4">Test &#8212; retried</th></tr><tr class="retriedeven"><td rowspan="3">com.projectObjectmodel.Scripts.FlightTest</td><td><a href="#m0">checkRoundTripdefault</a></td><td rowspan="3">1687347972320</td><td rowspan="3">666</td></tr><tr class="retriedeven"><td><a href="#m1">checkRoundTripdefault</a></td></tr><tr class="retriedeven"><td><a href="#m2">checkRoundTripdefault</a></td></tr><tr><th colspan="4">Test &#8212; passed</th></tr><tr class="passedeven"><td rowspan="7">com.projectObjectmodel.Scripts.FlightTest</td><td><a href="#m3">checkRoundTripdefault</a></td><td rowspan="1">1687347972992</td><td rowspan="1">362</td></tr><tr class="passedeven"><td><a href="#m4">clickOnewaybutton</a></td><td rowspan="1">1687347973394</td><td rowspan="1">127</td></tr><tr class="passedeven"><td><a href="#m5">clickOnewaybuttonclick</a></td><td rowspan="1">1687347973524</td><td rowspan="1">77</td></tr><tr class="passedeven"><td><a href="#m6">departdrop1</a></td><td rowspan="1">1687347973734</td><td rowspan="1">170</td></tr><tr class="passedeven"><td><a href="#m7">monthSelect</a></td><td rowspan="1">1687347973907</td><td rowspan="1">130</td></tr><tr class="passedeven"><td><a href="#m8">onewaySelect</a></td><td rowspan="1">1687347973357</td><td rowspan="1">34</td></tr><tr class="passedeven"><td><a href="#m9">passengerdrop</a></td><td rowspan="1">1687347973604</td><td rowspan="1">128</td></tr><tr class="passedodd"><td rowspan="4">com.projectObjectmodel.Scripts.LoginTest</td><td><a href="#m10">verifySignIninvalidUserinvalidPassword</a></td><td rowspan="1">1687347964067</td><td rowspan="1">1846</td></tr><tr class="passedodd"><td><a href="#m11">verifySignIninvalidUservalidPassword</a></td><td rowspan="1">1687347967114</td><td rowspan="1">1820</td></tr><tr class="passedodd"><td><a href="#m12">verifySignInvalidUserinvalidPassword</a></td><td rowspan="1">1687347966049</td><td rowspan="1">1015</td></tr><tr class="passedodd"><td><a href="#m13">verifySignInvalidUservalidPassword</a></td><td rowspan="1">1687347968976</td><td rowspan="1">1718</td></tr></tbody>
</table>
<h2>Test</h2><h3 id="m0">com.projectObjectmodel.Scripts.FlightTest#checkRoundTripdefault</h3><table class="result"><tr><th>Exception</th></tr><tr><td><div class="stacktrace">org.openqa.selenium.StaleElementReferenceException: stale element reference: stale element not found
  (Session info: chrome=114.0.5735.134)
For documentation on this error, please visit: https://selenium.dev/exceptions/#stale_element_reference
Build info: version: &apos;4.9.0&apos;, revision: &apos;d7057100a6&apos;
System info: os.name: &apos;Windows 10&apos;, os.arch: &apos;amd64&apos;, os.version: &apos;10.0&apos;, java.version: &apos;19.0.1&apos;
Driver info: org.openqa.selenium.chrome.ChromeDriver
Command: [a70e585eee8395fd437d85a1a83cab5d, clickElement {id=76BD242F8CADD65A8E97475324FB72DC_element_159}]
Capabilities {acceptInsecureCerts: false, browserName: chrome, browserVersion: 114.0.5735.134, chrome: {chromedriverVersion: 114.0.5735.90 (386bc09e8f4f..., userDataDir: C:\Users\lenovo\AppData\Loc...}, goog:chromeOptions: {debuggerAddress: localhost:64514}, networkConnectionEnabled: false, pageLoadStrategy: normal, platformName: WINDOWS, proxy: Proxy(), se:cdp: ws://localhost:64514/devtoo..., se:cdpVersion: 114.0.5735.134, setWindowRect: true, strictFileInteractability: false, timeouts: {implicit: 0, pageLoad: 300000, script: 30000}, unhandledPromptBehavior: dismiss and notify, webauthn:extension:credBlob: true, webauthn:extension:largeBlob: true, webauthn:extension:minPinLength: true, webauthn:extension:prf: true, webauthn:virtualAuthenticators: true}
Element: [[ChromeDriver: chrome on WINDOWS (a70e585eee8395fd437d85a1a83cab5d)] -&gt; xpath: //a[text()=&apos;Flights&apos;]]
Session ID: a70e585eee8395fd437d85a1a83cab5d
	at org.openqa.selenium.remote.codec.w3c.W3CHttpResponseCodec.createException(W3CHttpResponseCodec.java:200)
	at org.openqa.selenium.remote.codec.w3c.W3CHttpResponseCodec.decode(W3CHttpResponseCodec.java:133)
	at org.openqa.selenium.remote.codec.w3c.W3CHttpResponseCodec.decode(W3CHttpResponseCodec.java:53)
	at org.openqa.selenium.remote.HttpCommandExecutor.execute(HttpCommandExecutor.java:193)
	at org.openqa.selenium.remote.service.DriverCommandExecutor.invokeExecute(DriverCommandExecutor.java:183)
	at org.openqa.selenium.remote.service.DriverCommandExecutor.execute(DriverCommandExecutor.java:158)
	at org.openqa.selenium.remote.RemoteWebDriver.execute(RemoteWebDriver.java:543)
	at org.openqa.selenium.remote.RemoteWebElement.execute(RemoteWebElement.java:257)
	at org.openqa.selenium.remote.RemoteWebElement.click(RemoteWebElement.java:78)
	at org.openqa.selenium.support.pagefactory.internal.LocatingElementHandler.invoke(LocatingElementHandler.java:52)
	at jdk.proxy2/jdk.proxy2.$Proxy19.click(Unknown Source)
	at com.projectObjectmodel.Pages.FlightPage.clickflights(FlightPage.java:41)
	at com.projectObjectmodel.Scripts.FlightTest.checkRoundTripdefault(FlightTest.java:23)
	at java.base/java.util.ArrayList.forEach(ArrayList.java:1511)
... Removed 30 stack frames</div></td></tr></table><p class="totop"><a href="#summary">back to summary</a></p>
<h3 id="m1">com.projectObjectmodel.Scripts.FlightTest#checkRoundTripdefault</h3><table class="result"><tr><th>Exception</th></tr><tr><td><div class="stacktrace">org.openqa.selenium.ElementClickInterceptedException: element click intercepted: Element &lt;a href=&quot;reservation.php&quot; style=&quot;margin-left: 5px;color: #0000ee;text-decoration: underline;&quot;&gt;...&lt;/a&gt; is not clickable at point (67, 345). Other element would receive the click: &lt;iframe id=&quot;google_ads_iframe_/24132379/INTERSTITIAL_DemoGuru99_0&quot; name=&quot;google_ads_iframe_/24132379/INTERSTITIAL_DemoGuru99_0&quot; title=&quot;3rd party ad content&quot; width=&quot;&quot; height=&quot;&quot; scrolling=&quot;no&quot; marginwidth=&quot;0&quot; marginheight=&quot;0&quot; frameborder=&quot;0&quot; role=&quot;region&quot; aria-label=&quot;Advertisement&quot; tabindex=&quot;0&quot; allow=&quot;autoplay&quot; data-load-complete=&quot;true&quot; data-google-container-id=&quot;1&quot; style=&quot;border: 0px !important; vertical-align: bottom !important; width: 100vw !important; height: 100vh !important; inset: 0px auto auto 0px !important; position: absolute !important; clear: none !important; display: inline !important; float: none !important; margin: 0px !important; max-height: none !important; max-width: none !important; opacity: 1 !important; overflow: visible !important; padding: 0px !important; visibility: visible !important; z-index: auto !important;&quot;&gt;&lt;/iframe&gt;
  (Session info: chrome=114.0.5735.134)
Build info: version: &apos;4.9.0&apos;, revision: &apos;d7057100a6&apos;
System info: os.name: &apos;Windows 10&apos;, os.arch: &apos;amd64&apos;, os.version: &apos;10.0&apos;, java.version: &apos;19.0.1&apos;
Driver info: org.openqa.selenium.chrome.ChromeDriver
Command: [a70e585eee8395fd437d85a1a83cab5d, clickElement {id=76BD242F8CADD65A8E97475324FB72DC_element_159}]
Capabilities {acceptInsecureCerts: false, browserName: chrome, browserVersion: 114.0.5735.134, chrome: {chromedriverVersion: 114.0.5735.90 (386bc09e8f4f..., userDataDir: C:\Users\lenovo\AppData\Loc...}, goog:chromeOptions: {debuggerAddress: localhost:64514}, networkConnectionEnabled: false, pageLoadStrategy: normal, platformName: WINDOWS, proxy: Proxy(), se:cdp: ws://localhost:64514/devtoo..., se:cdpVersion: 114.0.5735.134, setWindowRect: true, strictFileInteractability: false, timeouts: {implicit: 0, pageLoad: 300000, script: 30000}, unhandledPromptBehavior: dismiss and notify, webauthn:extension:credBlob: true, webauthn:extension:largeBlob: true, webauthn:extension:minPinLength: true, webauthn:extension:prf: true, webauthn:virtualAuthenticators: true}
Element: [[ChromeDriver: chrome on WINDOWS (a70e585eee8395fd437d85a1a83cab5d)] -&gt; xpath: //a[text()=&apos;Flights&apos;]]
Session ID: a70e585eee8395fd437d85a1a83cab5d
	at org.openqa.selenium.remote.codec.w3c.W3CHttpResponseCodec.createException(W3CHttpResponseCodec.java:200)
	at org.openqa.selenium.remote.codec.w3c.W3CHttpResponseCodec.decode(W3CHttpResponseCodec.java:133)
	at org.openqa.selenium.remote.codec.w3c.W3CHttpResponseCodec.decode(W3CHttpResponseCodec.java:53)
	at org.openqa.selenium.remote.HttpCommandExecutor.execute(HttpCommandExecutor.java:193)
	at org.openqa.selenium.remote.service.DriverCommandExecutor.invokeExecute(DriverCommandExecutor.java:183)
	at org.openqa.selenium.remote.service.DriverCommandExecutor.execute(DriverCommandExecutor.java:158)
	at org.openqa.selenium.remote.RemoteWebDriver.execute(RemoteWebDriver.java:543)
	at org.openqa.selenium.remote.RemoteWebElement.execute(RemoteWebElement.java:257)
	at org.openqa.selenium.remote.RemoteWebElement.click(RemoteWebElement.java:78)
	at org.openqa.selenium.support.pagefactory.internal.LocatingElementHandler.invoke(LocatingElementHandler.java:52)
	at jdk.proxy2/jdk.proxy2.$Proxy19.click(Unknown Source)
	at com.projectObjectmodel.Pages.FlightPage.clickflights(FlightPage.java:41)
	at com.projectObjectmodel.Scripts.FlightTest.checkRoundTripdefault(FlightTest.java:23)
	at java.base/java.util.ArrayList.forEach(ArrayList.java:1511)
... Removed 30 stack frames</div></td></tr></table><p class="totop"><a href="#summary">back to summary</a></p>
<h3 id="m2">com.projectObjectmodel.Scripts.FlightTest#checkRoundTripdefault</h3><table class="result"><tr><th>Exception</th></tr><tr><td><div class="stacktrace">org.openqa.selenium.NoSuchElementException: no such element: Unable to locate element: {&quot;method&quot;:&quot;xpath&quot;,&quot;selector&quot;:&quot;//input[@value=&apos;roundtrip&apos;]&quot;}
  (Session info: chrome=114.0.5735.134)
For documentation on this error, please visit: https://selenium.dev/exceptions/#no_such_element
Build info: version: &apos;4.9.0&apos;, revision: &apos;d7057100a6&apos;
System info: os.name: &apos;Windows 10&apos;, os.arch: &apos;amd64&apos;, os.version: &apos;10.0&apos;, java.version: &apos;19.0.1&apos;
Driver info: org.openqa.selenium.chrome.ChromeDriver
Command: [a70e585eee8395fd437d85a1a83cab5d, findElement {using=xpath, value=//input[@value=&apos;roundtrip&apos;]}]
Capabilities {acceptInsecureCerts: false, browserName: chrome, browserVersion: 114.0.5735.134, chrome: {chromedriverVersion: 114.0.5735.90 (386bc09e8f4f..., userDataDir: C:\Users\lenovo\AppData\Loc...}, goog:chromeOptions: {debuggerAddress: localhost:64514}, networkConnectionEnabled: false, pageLoadStrategy: normal, platformName: WINDOWS, proxy: Proxy(), se:cdp: ws://localhost:64514/devtoo..., se:cdpVersion: 114.0.5735.134, setWindowRect: true, strictFileInteractability: false, timeouts: {implicit: 0, pageLoad: 300000, script: 30000}, unhandledPromptBehavior: dismiss and notify, webauthn:extension:credBlob: true, webauthn:extension:largeBlob: true, webauthn:extension:minPinLength: true, webauthn:extension:prf: true, webauthn:virtualAuthenticators: true}
Session ID: a70e585eee8395fd437d85a1a83cab5d
	at org.openqa.selenium.remote.codec.w3c.W3CHttpResponseCodec.createException(W3CHttpResponseCodec.java:200)
	at org.openqa.selenium.remote.codec.w3c.W3CHttpResponseCodec.decode(W3CHttpResponseCodec.java:133)
	at org.openqa.selenium.remote.codec.w3c.W3CHttpResponseCodec.decode(W3CHttpResponseCodec.java:53)
	at org.openqa.selenium.remote.HttpCommandExecutor.execute(HttpCommandExecutor.java:193)
	at org.openqa.selenium.remote.service.DriverCommandExecutor.invokeExecute(DriverCommandExecutor.java:183)
	at org.openqa.selenium.remote.service.DriverCommandExecutor.execute(DriverCommandExecutor.java:158)
	at org.openqa.selenium.remote.RemoteWebDriver.execute(RemoteWebDriver.java:543)
	at org.openqa.selenium.remote.ElementLocation$ElementFinder$2.findElement(ElementLocation.java:162)
	at org.openqa.selenium.remote.ElementLocation.findElement(ElementLocation.java:60)
	at org.openqa.selenium.remote.RemoteWebDriver.findElement(RemoteWebDriver.java:352)
	at org.openqa.selenium.remote.RemoteWebDriver.findElement(RemoteWebDriver.java:344)
	at org.openqa.selenium.support.pagefactory.DefaultElementLocator.findElement(DefaultElementLocator.java:70)
	at org.openqa.selenium.support.pagefactory.internal.LocatingElementHandler.invoke(LocatingElementHandler.java:39)
	at jdk.proxy2/jdk.proxy2.$Proxy19.isSelected(Unknown Source)
	at com.projectObjectmodel.Pages.FlightPage.roundTripSelection(FlightPage.java:47)
	at com.projectObjectmodel.Scripts.FlightTest.checkRoundTripdefault(FlightTest.java:25)
	at java.base/java.util.ArrayList.forEach(ArrayList.java:1511)
... Removed 28 stack frames</div></td></tr></table><p class="totop"><a href="#summary">back to summary</a></p>
<h3 id="m3">com.projectObjectmodel.Scripts.FlightTest#checkRoundTripdefault</h3><table class="result"><tr><th class="invisible"/></tr></table><p class="totop"><a href="#summary">back to summary</a></p>
<h3 id="m4">com.projectObjectmodel.Scripts.FlightTest#clickOnewaybutton</h3><table class="result"><tr><th class="invisible"/></tr></table><p class="totop"><a href="#summary">back to summary</a></p>
<h3 id="m5">com.projectObjectmodel.Scripts.FlightTest#clickOnewaybuttonclick</h3><table class="result"><tr><th class="invisible"/></tr></table><p class="totop"><a href="#summary">back to summary</a></p>
<h3 id="m6">com.projectObjectmodel.Scripts.FlightTest#departdrop1</h3><table class="result"><tr><th class="invisible"/></tr></table><p class="totop"><a href="#summary">back to summary</a></p>
<h3 id="m7">com.projectObjectmodel.Scripts.FlightTest#monthSelect</h3><table class="result"><tr><th class="invisible"/></tr></table><p class="totop"><a href="#summary">back to summary</a></p>
<h3 id="m8">com.projectObjectmodel.Scripts.FlightTest#onewaySelect</h3><table class="result"><tr><th class="invisible"/></tr></table><p class="totop"><a href="#summary">back to summary</a></p>
<h3 id="m9">com.projectObjectmodel.Scripts.FlightTest#passengerdrop</h3><table class="result"><tr><th class="invisible"/></tr></table><p class="totop"><a href="#summary">back to summary</a></p>
<h3 id="m10">com.projectObjectmodel.Scripts.LoginTest#verifySignIninvalidUserinvalidPassword</h3><table class="result"><tr class="param"><th>Parameter #1</th><th>Parameter #2</th></tr><tr class="param stripe"><td>five</td><td>audio</td></tr></table><p class="totop"><a href="#summary">back to summary</a></p>
<h3 id="m11">com.projectObjectmodel.Scripts.LoginTest#verifySignIninvalidUservalidPassword</h3><table class="result"><tr class="param"><th>Parameter #1</th><th>Parameter #2</th></tr><tr class="param stripe"><td>forbidden</td><td>tutorial</td></tr></table><p class="totop"><a href="#summary">back to summary</a></p>
<h3 id="m12">com.projectObjectmodel.Scripts.LoginTest#verifySignInvalidUserinvalidPassword</h3><table class="result"><tr class="param"><th>Parameter #1</th><th>Parameter #2</th></tr><tr class="param stripe"><td>tutorial</td><td>fourteen</td></tr></table><p class="totop"><a href="#summary">back to summary</a></p>
<h3 id="m13">com.projectObjectmodel.Scripts.LoginTest#verifySignInvalidUservalidPassword</h3><table class="result"><tr class="param"><th>Parameter #1</th><th>Parameter #2</th></tr><tr class="param stripe"><td>tutorial</td><td>tutorial</td></tr></table><p class="totop"><a href="#summary">back to summary</a></p>
</body>
</html>
